2025-04-14 21:01:36,793 [INFO] 程序启动
2025-04-14 21:01:36,793 [INFO] 用户 YH(ID:1) 登录成功
2025-04-14 21:01:37,002 [INFO] 图像编辑器启动 - 用户: YH(ID:1)
2025-04-14 21:01:49,257 [INFO] 程序启动
2025-04-14 21:01:49,257 [INFO] 用户未登录，启动登录界面
2025-04-14 21:02:22,437 [WARNING] 用户取消登录，程序退出
2025-04-14 21:08:46,052 [INFO] 程序启动
2025-04-14 21:08:46,052 [INFO] 用户未登录，启动登录界面
2025-04-14 21:11:09,804 [WARNING] 用户取消登录，程序退出
2025-04-14 21:12:10,330 [INFO] 程序启动
2025-04-14 21:12:10,331 [INFO] 用户未登录，启动登录界面
2025-04-14 21:18:19,228 [INFO] 程序启动
2025-04-14 21:18:19,228 [INFO] 用户未登录，启动登录界面
2025-04-14 21:18:40,636 [WARNING] 用户取消登录，程序退出
2025-04-14 21:20:08,017 [INFO] 程序启动
2025-04-14 21:20:08,017 [INFO] 用户未登录，启动登录界面
2025-04-14 21:20:13,940 [WARNING] 用户取消登录，程序退出
2025-04-14 21:20:19,372 [INFO] 程序启动
2025-04-14 21:20:19,372 [INFO] 用户未登录，启动登录界面
2025-04-14 21:20:25,280 [WARNING] 用户取消登录，程序退出
2025-04-14 21:23:01,078 [INFO] 程序启动
2025-04-14 21:23:01,078 [INFO] 用户未登录，启动登录界面
2025-04-14 21:23:06,820 [WARNING] 用户取消登录，程序退出
2025-04-14 21:23:10,715 [INFO] 程序启动
2025-04-14 21:23:10,716 [INFO] 用户未登录，启动登录界面
2025-04-14 21:23:13,842 [WARNING] 用户取消登录，程序退出
2025-04-14 21:23:17,692 [INFO] 程序启动
2025-04-14 21:23:17,692 [INFO] 用户未登录，启动登录界面
2025-04-14 21:23:20,215 [WARNING] 用户取消登录，程序退出
2025-04-14 21:23:26,868 [INFO] 程序启动
2025-04-14 21:23:26,868 [INFO] 用户未登录，启动登录界面
2025-04-14 21:23:29,765 [WARNING] 用户取消登录，程序退出
2025-04-14 21:23:34,298 [INFO] 程序启动
2025-04-14 21:23:34,299 [INFO] 用户未登录，启动登录界面
2025-04-14 21:23:52,757 [WARNING] 用户取消登录，程序退出
2025-04-14 21:23:58,758 [INFO] 程序启动
2025-04-14 21:23:58,758 [INFO] 用户未登录，启动登录界面
2025-04-14 21:24:00,828 [WARNING] 用户取消登录，程序退出
2025-04-14 21:24:10,662 [INFO] 程序启动
2025-04-14 21:24:10,662 [INFO] 用户未登录，启动登录界面
2025-04-14 21:24:12,842 [WARNING] 用户取消登录，程序退出
2025-04-14 21:26:04,975 [INFO] 程序启动
2025-04-14 21:26:04,975 [INFO] 用户未登录，启动登录界面
2025-04-14 21:26:07,129 [WARNING] 用户取消登录，程序退出
2025-04-14 21:26:54,714 [INFO] 程序启动
2025-04-14 21:26:54,714 [INFO] 用户未登录，启动登录界面
2025-04-14 21:26:56,746 [WARNING] 用户取消登录，程序退出
2025-04-14 21:26:59,921 [INFO] 程序启动
2025-04-14 21:26:59,922 [INFO] 用户未登录，启动登录界面
2025-04-14 21:31:28,274 [WARNING] 用户取消登录，程序退出
2025-04-14 21:31:35,073 [INFO] 程序启动
2025-04-14 21:31:35,074 [INFO] 用户未登录，启动登录界面
2025-04-14 21:31:37,414 [WARNING] 用户取消登录，程序退出
2025-04-14 21:33:06,660 [INFO] 程序启动
2025-04-14 21:33:06,660 [INFO] 用户未登录，启动登录界面
2025-04-14 21:34:36,360 [WARNING] 用户取消登录，程序退出
2025-04-14 21:34:46,523 [INFO] 程序启动
2025-04-14 21:34:46,524 [INFO] 用户未登录，启动登录界面
2025-04-14 21:35:36,204 [INFO] 用户 zz 尝试登录
2025-04-14 21:35:36,263 [INFO] 图像编辑器启动 - 用户: zz(ID:2)
2025-04-14 21:42:42,723 [INFO] 程序启动
2025-04-14 21:42:42,723 [INFO] 用户未登录，启动登录界面
2025-04-14 21:43:18,550 [WARNING] 用户取消登录，程序退出
